# JRE version: OpenJDK Runtime Environment (8.0_181-b13) (build 1.8.0_181-8u181-b13-1ubuntu0.16.04.1-b13)
# Java VM: OpenJDK 64-Bit Server VM (25.181-b13 mixed mode linux-amd64 compressed oops)
Heap:
 PSYoungGen      total 212480K, used 178439K [0x00000000f0000000, 0x0000000100000000, 0x0000000100000000)
  eden space 163840K, 94% used [0x00000000f0000000,0x00000000f9726fb0,0x00000000fa000000)
  from space 48640K, 48% used [0x00000000fa000000,0x00000000fb71ade0,0x00000000fcf80000)
  to   space 48128K, 0% used [0x00000000fd100000,0x00000000fd100000,0x0000000100000000)
 ParOldGen       total 524288K, used 131519K [0x00000000d0000000, 0x00000000f0000000, 0x00000000f0000000)
  object space 524288K, 25% used [0x00000000d0000000,0x00000000d806fd28,0x00000000f0000000)
 Metaspace       used 88940K, capacity 94824K, committed 95016K, reserved 1132544K
  class space    used 9848K, capacity 11529K, committed 11560K, reserved 1048576K
GC Heap History (10 events):
Event: 3843.589 GC heap before
{Heap before GC invocations=46 (full 3):
 PSYoungGen      total 209408K, used 189571K [0x00000000f0000000, 0x0000000100000000, 0x0000000100000000)
  eden space 155136K, 100% used [0x00000000f0000000,0x00000000f9780000,0x00000000f9780000)
  from space 54272K, 63% used [0x00000000fcb00000,0x00000000feca0e10,0x0000000100000000)
  to   space 52736K, 0% used [0x00000000f9780000,0x00000000f9780000,0x00000000fcb00000)
 ParOldGen       total 524288K, used 117383K [0x00000000d0000000, 0x00000000f0000000, 0x00000000f0000000)
  object space 524288K, 22% used [0x00000000d0000000,0x00000000d72a1cf0,0x00000000f0000000)
 Metaspace       used 85770K, capacity 91094K, committed 91304K, reserved 1130496K
  class space    used 9612K, capacity 11111K, committed 11176K, reserved 1048576K
Event: 3843.614 GC heap after
Heap after GC invocations=46 (full 3):
 PSYoungGen      total 207872K, used 32032K [0x00000000f0000000, 0x0000000100000000, 0x0000000100000000)
  eden space 155136K, 0% used [0x00000000f0000000,0x00000000f0000000,0x00000000f9780000)
  from space 52736K, 60% used [0x00000000f9780000,0x00000000fb6c8388,0x00000000fcb00000)
  to   space 50688K, 0% used [0x00000000fce80000,0x00000000fce80000,0x0000000100000000)
 ParOldGen       total 524288K, used 119636K [0x00000000d0000000, 0x00000000f0000000, 0x00000000f0000000)
  object space 524288K, 22% used [0x00000000d0000000,0x00000000d74d53b0,0x00000000f0000000)
 Metaspace       used 85770K, capacity 91094K, committed 91304K, reserved 1130496K
  class space    used 9612K, capacity 11111K, committed 11176K, reserved 1048576K
}
Event: 4116.465 GC heap before
{Heap before GC invocations=47 (full 3):
 PSYoungGen      total 207872K, used 187161K [0x00000000f0000000, 0x0000000100000000, 0x0000000100000000)
  eden space 155136K, 99% used [0x00000000f0000000,0x00000000f977e280,0x00000000f9780000)
  from space 52736K, 60% used [0x00000000f9780000,0x00000000fb6c8388,0x00000000fcb00000)
  to   space 50688K, 0% used [0x00000000fce80000,0x00000000fce80000,0x0000000100000000)
 ParOldGen       total 524288K, used 119636K [0x00000000d0000000, 0x00000000f0000000, 0x00000000f0000000)
  object space 524288K, 22% used [0x00000000d0000000,0x00000000d74d53b0,0x00000000f0000000)
 Metaspace       used 86657K, capacity 92078K, committed 92200K, reserved 1130496K
  class space    used 9667K, capacity 11195K, committed 11304K, reserved 1048576K
Event: 4116.497 GC heap after
Heap after GC invocations=47 (full 3):
 PSYoungGen      total 211456K, used 24018K [0x00000000f0000000, 0x0000000100000000, 0x0000000100000000)
  eden space 160768K, 0% used [0x00000000f0000000,0x00000000f0000000,0x00000000f9d00000)
  from space 50688K, 47% used [0x00000000fce80000,0x00000000fe5f4ac0,0x0000000100000000)
  to   space 50688K, 0% used [0x00000000f9d00000,0x00000000f9d00000,0x00000000fce80000)
 ParOldGen       total 524288K, used 129292K [0x00000000d0000000, 0x00000000f0000000, 0x00000000f0000000)
  object space 524288K, 24% used [0x00000000d0000000,0x00000000d7e433c0,0x00000000f0000000)
 Metaspace       used 86657K, capacity 92078K, committed 92200K, reserved 1130496K
  class space    used 9667K, capacity 11195K, committed 11304K, reserved 1048576K
}
Event: 4534.597 GC heap before
{Heap before GC invocations=48 (full 3):
 PSYoungGen      total 211456K, used 184634K [0x00000000f0000000, 0x0000000100000000, 0x0000000100000000)
  eden space 160768K, 99% used [0x00000000f0000000,0x00000000f9cda138,0x00000000f9d00000)
  from space 50688K, 47% used [0x00000000fce80000,0x00000000fe5f4ac0,0x0000000100000000)
  to   space 50688K, 0% used [0x00000000f9d00000,0x00000000f9d00000,0x00000000fce80000)
 ParOldGen       total 524288K, used 129292K [0x00000000d0000000, 0x00000000f0000000, 0x00000000f0000000)
  object space 524288K, 24% used [0x00000000d0000000,0x00000000d7e433c0,0x00000000f0000000)
 Metaspace       used 87421K, capacity 92914K, committed 93096K, reserved 1130496K
  class space    used 9730K, capacity 11316K, committed 11432K, reserved 1048576K
Event: 4534.621 GC heap after
Heap after GC invocations=48 (full 3):
 PSYoungGen      total 211456K, used 25759K [0x00000000f0000000, 0x0000000100000000, 0x0000000100000000)
  eden space 160768K, 0% used [0x00000000f0000000,0x00000000f0000000,0x00000000f9d00000)
  from space 50688K, 50% used [0x00000000f9d00000,0x00000000fb627cb8,0x00000000fce80000)
  to   space 49664K, 0% used [0x00000000fcf80000,0x00000000fcf80000,0x0000000100000000)
 ParOldGen       total 524288K, used 129492K [0x00000000d0000000, 0x00000000f0000000, 0x00000000f0000000)
  object space 524288K, 24% used [0x00000000d0000000,0x00000000d7e753c0,0x00000000f0000000)
 Metaspace       used 87421K, capacity 92914K, committed 93096K, reserved 1130496K
  class space    used 9730K, capacity 11316K, committed 11432K, reserved 1048576K
}
Event: 4736.436 GC heap before
{Heap before GC invocations=49 (full 3):
 PSYoungGen      total 211456K, used 186527K [0x00000000f0000000, 0x0000000100000000, 0x0000000100000000)
  eden space 160768K, 100% used [0x00000000f0000000,0x00000000f9d00000,0x00000000f9d00000)
  from space 50688K, 50% used [0x00000000f9d00000,0x00000000fb627cb8,0x00000000fce80000)
  to   space 49664K, 0% used [0x00000000fcf80000,0x00000000fcf80000,0x0000000100000000)
 ParOldGen       total 524288K, used 129492K [0x00000000d0000000, 0x00000000f0000000, 0x00000000f0000000)
  object space 524288K, 24% used [0x00000000d0000000,0x00000000d7e753c0,0x00000000f0000000)
 Metaspace       used 87897K, capacity 93448K, committed 93608K, reserved 1132544K
  class space    used 9761K, capacity 11342K, committed 11432K, reserved 1048576K
Event: 4736.458 GC heap after
Heap after GC invocations=49 (full 3):
 PSYoungGen      total 213504K, used 24491K [0x00000000f0000000, 0x0000000100000000, 0x0000000100000000)
  eden space 163840K, 0% used [0x00000000f0000000,0x00000000f0000000,0x00000000fa000000)
  from space 49664K, 49% used [0x00000000fcf80000,0x00000000fe76adf0,0x0000000100000000)
  to   space 48640K, 0% used [0x00000000fa000000,0x00000000fa000000,0x00000000fcf80000)
 ParOldGen       total 524288K, used 129772K [0x00000000d0000000, 0x00000000f0000000, 0x00000000f0000000)
  object space 524288K, 24% used [0x00000000d0000000,0x00000000d7ebb3f0,0x00000000f0000000)
 Metaspace       used 87897K, capacity 93448K, committed 93608K, reserved 1132544K
  class space    used 9761K, capacity 11342K, committed 11432K, reserved 1048576K
}
Event: 5255.563 GC heap before
{Heap before GC invocations=50 (full 3):
 PSYoungGen      total 213504K, used 188331K [0x00000000f0000000, 0x0000000100000000, 0x0000000100000000)
  eden space 163840K, 100% used [0x00000000f0000000,0x00000000fa000000,0x00000000fa000000)
  from space 49664K, 49% used [0x00000000fcf80000,0x00000000fe76adf0,0x0000000100000000)
  to   space 48640K, 0% used [0x00000000fa000000,0x00000000fa000000,0x00000000fcf80000)
 ParOldGen       total 524288K, used 129772K [0x00000000d0000000, 0x00000000f0000000, 0x00000000f0000000)
  object space 524288K, 24% used [0x00000000d0000000,0x00000000d7ebb3f0,0x00000000f0000000)
 Metaspace       used 88220K, capacity 93870K, committed 94120K, reserved 1132544K
  class space    used 9795K, capacity 11427K, committed 11432K, reserved 1048576K
Event: 5255.591 GC heap after
Heap after GC invocations=50 (full 3):
 PSYoungGen      total 212480K, used 23659K [0x00000000f0000000, 0x0000000100000000, 0x0000000100000000)
  eden space 163840K, 0% used [0x00000000f0000000,0x00000000f0000000,0x00000000fa000000)
  from space 48640K, 48% used [0x00000000fa000000,0x00000000fb71ade0,0x00000000fcf80000)
  to   space 48128K, 0% used [0x00000000fd100000,0x00000000fd100000,0x0000000100000000)
 ParOldGen       total 524288K, used 131519K [0x00000000d0000000, 0x00000000f0000000, 0x00000000f0000000)
  object space 524288K, 25% used [0x00000000d0000000,0x00000000d806fd28,0x00000000f0000000)
 Metaspace       used 88220K, capacity 93870K, committed 94120K, reserved 1132544K
  class space    used 9795K, capacity 11427K, committed 11432K, reserved 1048576K
}

