# JRE version: OpenJDK Runtime Environment (8.0_181-b13) (build 1.8.0_181-8u181-b13-1ubuntu0.16.04.1-b13)
# Java VM: OpenJDK 64-Bit Server VM (25.181-b13 mixed mode linux-amd64 compressed oops)
Heap:
 PSYoungGen      total 201216K, used 164675K [0x00000000f0000000, 0x0000000100000000, 0x0000000100000000)
  eden space 149504K, 80% used [0x00000000f0000000,0x00000000f7616570,0x00000000f9200000)
  from space 51712K, 84% used [0x00000000fcd80000,0x00000000ff83a9d8,0x0000000100000000)
  to   space 56320K, 0% used [0x00000000f9200000,0x00000000f9200000,0x00000000fc900000)
 ParOldGen       total 524288K, used 83070K [0x00000000d0000000, 0x00000000f0000000, 0x00000000f0000000)
  object space 524288K, 15% used [0x00000000d0000000,0x00000000d511f998,0x00000000f0000000)
 Metaspace       used 77983K, capacity 81686K, committed 81840K, reserved 1120256K
  class space    used 8880K, capacity 10095K, committed 10160K, reserved 1048576K
GC Heap History (10 events):
Event: 53.111 GC heap before
{Heap before GC invocations=27 (full 3):
 PSYoungGen      total 230400K, used 229925K [0x00000000f0000000, 0x0000000100000000, 0x0000000100000000)
  eden space 202752K, 100% used [0x00000000f0000000,0x00000000fc600000,0x00000000fc600000)
  from space 27648K, 98% used [0x00000000fc600000,0x00000000fe089468,0x00000000fe100000)
  to   space 31744K, 0% used [0x00000000fe100000,0x00000000fe100000,0x0000000100000000)
 ParOldGen       total 524288K, used 82687K [0x00000000d0000000, 0x00000000f0000000, 0x00000000f0000000)
  object space 524288K, 15% used [0x00000000d0000000,0x00000000d50bfc60,0x00000000f0000000)
 Metaspace       used 71915K, capacity 73400K, committed 73520K, reserved 1114112K
  class space    used 8009K, capacity 8466K, committed 8496K, reserved 1048576K
Event: 53.134 GC heap after
Heap after GC invocations=27 (full 3):
 PSYoungGen      total 219136K, used 31733K [0x00000000f0000000, 0x0000000100000000, 0x0000000100000000)
  eden space 187392K, 0% used [0x00000000f0000000,0x00000000f0000000,0x00000000fb700000)
  from space 31744K, 99% used [0x00000000fe100000,0x00000000ffffd6e8,0x0000000100000000)
  to   space 37376K, 0% used [0x00000000fb700000,0x00000000fb700000,0x00000000fdb80000)
 ParOldGen       total 524288K, used 83038K [0x00000000d0000000, 0x00000000f0000000, 0x00000000f0000000)
  object space 524288K, 15% used [0x00000000d0000000,0x00000000d5117998,0x00000000f0000000)
 Metaspace       used 71915K, capacity 73400K, committed 73520K, reserved 1114112K
  class space    used 8009K, capacity 8466K, committed 8496K, reserved 1048576K
}
Event: 54.091 GC heap before
{Heap before GC invocations=28 (full 3):
 PSYoungGen      total 219136K, used 219125K [0x00000000f0000000, 0x0000000100000000, 0x0000000100000000)
  eden space 187392K, 100% used [0x00000000f0000000,0x00000000fb700000,0x00000000fb700000)
  from space 31744K, 99% used [0x00000000fe100000,0x00000000ffffd6e8,0x0000000100000000)
  to   space 37376K, 0% used [0x00000000fb700000,0x00000000fb700000,0x00000000fdb80000)
 ParOldGen       total 524288K, used 83038K [0x00000000d0000000, 0x00000000f0000000, 0x00000000f0000000)
  object space 524288K, 15% used [0x00000000d0000000,0x00000000d5117998,0x00000000f0000000)
 Metaspace       used 73276K, capacity 75036K, committed 75184K, reserved 1116160K
  class space    used 8221K, capacity 8822K, committed 8880K, reserved 1048576K
Event: 54.138 GC heap after
Heap after GC invocations=28 (full 3):
 PSYoungGen      total 222208K, used 34627K [0x00000000f0000000, 0x0000000100000000, 0x0000000100000000)
  eden space 187392K, 0% used [0x00000000f0000000,0x00000000f0000000,0x00000000fb700000)
  from space 34816K, 99% used [0x00000000fb700000,0x00000000fd8d0d28,0x00000000fd900000)
  to   space 39936K, 0% used [0x00000000fd900000,0x00000000fd900000,0x0000000100000000)
 ParOldGen       total 524288K, used 83046K [0x00000000d0000000, 0x00000000f0000000, 0x00000000f0000000)
  object space 524288K, 15% used [0x00000000d0000000,0x00000000d5119998,0x00000000f0000000)
 Metaspace       used 73276K, capacity 75036K, committed 75184K, reserved 1116160K
  class space    used 8221K, capacity 8822K, committed 8880K, reserved 1048576K
}
Event: 64.117 GC heap before
{Heap before GC invocations=29 (full 3):
 PSYoungGen      total 222208K, used 216627K [0x00000000f0000000, 0x0000000100000000, 0x0000000100000000)
  eden space 187392K, 97% used [0x00000000f0000000,0x00000000fb1bc1b0,0x00000000fb700000)
  from space 34816K, 99% used [0x00000000fb700000,0x00000000fd8d0d28,0x00000000fd900000)
  to   space 39936K, 0% used [0x00000000fd900000,0x00000000fd900000,0x0000000100000000)
 ParOldGen       total 524288K, used 83046K [0x00000000d0000000, 0x00000000f0000000, 0x00000000f0000000)
  object space 524288K, 15% used [0x00000000d0000000,0x00000000d5119998,0x00000000f0000000)
 Metaspace       used 75084K, capacity 77748K, committed 77872K, reserved 1118208K
  class space    used 8537K, capacity 9466K, committed 9520K, reserved 1048576K
Event: 64.148 GC heap after
Heap after GC invocations=29 (full 3):
 PSYoungGen      total 207872K, used 39386K [0x00000000f0000000, 0x0000000100000000, 0x0000000100000000)
  eden space 167936K, 0% used [0x00000000f0000000,0x00000000f0000000,0x00000000fa400000)
  from space 39936K, 98% used [0x00000000fd900000,0x00000000fff768e8,0x0000000100000000)
  to   space 47104K, 0% used [0x00000000fa400000,0x00000000fa400000,0x00000000fd200000)
 ParOldGen       total 524288K, used 83054K [0x00000000d0000000, 0x00000000f0000000, 0x00000000f0000000)
  object space 524288K, 15% used [0x00000000d0000000,0x00000000d511b998,0x00000000f0000000)
 Metaspace       used 75084K, capacity 77748K, committed 77872K, reserved 1118208K
  class space    used 8537K, capacity 9466K, committed 9520K, reserved 1048576K
}
Event: 64.895 GC heap before
{Heap before GC invocations=30 (full 3):
 PSYoungGen      total 207872K, used 207322K [0x00000000f0000000, 0x0000000100000000, 0x0000000100000000)
  eden space 167936K, 100% used [0x00000000f0000000,0x00000000fa400000,0x00000000fa400000)
  from space 39936K, 98% used [0x00000000fd900000,0x00000000fff768e8,0x0000000100000000)
  to   space 47104K, 0% used [0x00000000fa400000,0x00000000fa400000,0x00000000fd200000)
 ParOldGen       total 524288K, used 83054K [0x00000000d0000000, 0x00000000f0000000, 0x00000000f0000000)
  object space 524288K, 15% used [0x00000000d0000000,0x00000000d511b998,0x00000000f0000000)
 Metaspace       used 75759K, capacity 78822K, committed 78896K, reserved 1118208K
  class space    used 8624K, capacity 9702K, committed 9776K, reserved 1048576K
Event: 64.939 GC heap after
Heap after GC invocations=30 (full 3):
 PSYoungGen      total 209408K, used 41408K [0x00000000f0000000, 0x0000000100000000, 0x0000000100000000)
  eden space 167936K, 0% used [0x00000000f0000000,0x00000000f0000000,0x00000000fa400000)
  from space 41472K, 99% used [0x00000000fa400000,0x00000000fcc701c0,0x00000000fcc80000)
  to   space 51712K, 0% used [0x00000000fcd80000,0x00000000fcd80000,0x0000000100000000)
 ParOldGen       total 524288K, used 83062K [0x00000000d0000000, 0x00000000f0000000, 0x00000000f0000000)
  object space 524288K, 15% used [0x00000000d0000000,0x00000000d511d998,0x00000000f0000000)
 Metaspace       used 75759K, capacity 78822K, committed 78896K, reserved 1118208K
  class space    used 8624K, capacity 9702K, committed 9776K, reserved 1048576K
}
Event: 163.529 GC heap before
{Heap before GC invocations=31 (full 3):
 PSYoungGen      total 209408K, used 209344K [0x00000000f0000000, 0x0000000100000000, 0x0000000100000000)
  eden space 167936K, 100% used [0x00000000f0000000,0x00000000fa400000,0x00000000fa400000)
  from space 41472K, 99% used [0x00000000fa400000,0x00000000fcc701c0,0x00000000fcc80000)
  to   space 51712K, 0% used [0x00000000fcd80000,0x00000000fcd80000,0x0000000100000000)
 ParOldGen       total 524288K, used 83062K [0x00000000d0000000, 0x00000000f0000000, 0x00000000f0000000)
  object space 524288K, 15% used [0x00000000d0000000,0x00000000d511d998,0x00000000f0000000)
 Metaspace       used 76448K, capacity 80000K, committed 80176K, reserved 1120256K
  class space    used 8725K, capacity 9907K, committed 10032K, reserved 1048576K
Event: 163.590 GC heap after
Heap after GC invocations=31 (full 3):
 PSYoungGen      total 201216K, used 43754K [0x00000000f0000000, 0x0000000100000000, 0x0000000100000000)
  eden space 149504K, 0% used [0x00000000f0000000,0x00000000f0000000,0x00000000f9200000)
  from space 51712K, 84% used [0x00000000fcd80000,0x00000000ff83a9d8,0x0000000100000000)
  to   space 56320K, 0% used [0x00000000f9200000,0x00000000f9200000,0x00000000fc900000)
 ParOldGen       total 524288K, used 83070K [0x00000000d0000000, 0x00000000f0000000, 0x00000000f0000000)
  object space 524288K, 15% used [0x00000000d0000000,0x00000000d511f998,0x00000000f0000000)
 Metaspace       used 76448K, capacity 80000K, committed 80176K, reserved 1120256K
  class space    used 8725K, capacity 9907K, committed 10032K, reserved 1048576K
}

